#Iter of forward-backward selection is 2 
#Iter of CQCD is 56 
Time of computing the full gradients is 19.079 
Time of running CQCD is 4.932 
Time of finding NN is 1.303 
lambda = 2097152 idx = 2 
--
#Iter of forward-backward selection is 1 
#Iter of CQCD is 15 
Time of computing the full gradients is 9.277 
Time of running CQCD is 1.527 
Time of finding NN is 0.615 
lambda = 1048576 idx = 2 
--
#Iter of forward-backward selection is 1 
#Iter of CQCD is 61 
Time of computing the full gradients is 7.648 
Time of running CQCD is 5.191 
Time of finding NN is 0.64 
lambda = 524288 idx = 2 
--
#Iter of forward-backward selection is 1 
#Iter of CQCD is 22 
Time of computing the full gradients is 8.084 
Time of running CQCD is 2.026 
Time of finding NN is 0.636 
lambda = 262144 idx = 2 
--
#Iter of forward-backward selection is 1 
#Iter of CQCD is 52 
Time of computing the full gradients is 8.003 
Time of running CQCD is 4.266 
Time of finding NN is 0.659 
lambda = 131072 idx = 2 
--
#Iter of forward-backward selection is 1 
#Iter of CQCD is 17 
Time of computing the full gradients is 8.195 
Time of running CQCD is 1.633 
Time of finding NN is 0.643 
lambda = 65536 idx = 2 
--
#Iter of forward-backward selection is 1 
#Iter of CQCD is 29 
Time of computing the full gradients is 7.752 
Time of running CQCD is 2.458 
Time of finding NN is 0.633 
lambda = 32768 idx = 2 
--
#Iter of forward-backward selection is 1 
#Iter of CQCD is 20 
Time of computing the full gradients is 7.564 
Time of running CQCD is 2.123 
Time of finding NN is 0.631 
lambda = 16384 idx = 2 
--
#Iter of forward-backward selection is 1 
#Iter of CQCD is 18 
Time of computing the full gradients is 7.703 
Time of running CQCD is 1.635 
Time of finding NN is 0.627 
lambda = 8192 idx = 2 
--
#Iter of forward-backward selection is 1 
#Iter of CQCD is 8 
Time of computing the full gradients is 7.988 
Time of running CQCD is 1.018 
Time of finding NN is 0.622 
lambda = 4096 idx = 2 
--
#Iter of forward-backward selection is 1 
#Iter of CQCD is 19 
Time of computing the full gradients is 7.664 
Time of running CQCD is 1.972 
Time of finding NN is 0.645 
lambda = 2048 idx = 2 
--
#Iter of forward-backward selection is 1 
#Iter of CQCD is 11 
Time of computing the full gradients is 7.673 
Time of running CQCD is 1.38 
Time of finding NN is 0.633 
lambda = 1024 idx = 2 
--
#Iter of forward-backward selection is 1 
#Iter of CQCD is 38 
Time of computing the full gradients is 7.675 
Time of running CQCD is 3.188 
Time of finding NN is 0.623 
lambda = 512 idx = 2 
--
#Iter of forward-backward selection is 1 
#Iter of CQCD is 101 
Time of computing the full gradients is 7.82 
Time of running CQCD is 8.143 
Time of finding NN is 0.714 
lambda = 256 idx = 2 
--
#Iter of forward-backward selection is 1 
#Iter of CQCD is 29 
Time of computing the full gradients is 7.754 
Time of running CQCD is 2.467 
Time of finding NN is 0.644 
lambda = 128 idx = 2 
--
#Iter of forward-backward selection is 1 
#Iter of CQCD is 101 
Time of computing the full gradients is 7.915 
Time of running CQCD is 9.362 
Time of finding NN is 0.655 
lambda = 64 idx = 2 
--
#Iter of forward-backward selection is 2 
#Iter of CQCD is 142 
Time of computing the full gradients is 15.459 
Time of running CQCD is 12.543 
Time of finding NN is 1.295 
lambda = 32 idx = 2 3 
--
#Iter of forward-backward selection is 3 
#Iter of CQCD is 189 
Time of computing the full gradients is 23.277 
Time of running CQCD is 20.473 
Time of finding NN is 2.469 
lambda = 16 idx = 2 3 5 4 6 
--
#Iter of forward-backward selection is 1 
#Iter of CQCD is 101 
Time of computing the full gradients is 7.7 
Time of running CQCD is 11.117 
Time of finding NN is 0.775 
lambda = 8 idx = 2 3 5 4 6 
--
#Iter of forward-backward selection is 1 
#Iter of CQCD is 34 
Time of computing the full gradients is 8.042 
Time of running CQCD is 4.199 
Time of finding NN is 0.733 
lambda = 4 idx = 2 3 5 4 6 
--
#Iter of forward-backward selection is 1 
#Iter of CQCD is 101 
Time of computing the full gradients is 7.66 
Time of running CQCD is 11.085 
Time of finding NN is 0.732 
lambda = 2 idx = 2 3 5 4 6 
--
#Iter of forward-backward selection is 1 
#Iter of CQCD is 101 
Time of computing the full gradients is 7.615 
Time of running CQCD is 11.455 
Time of finding NN is 0.717 
lambda = 1 idx = 2 3 5 4 6 
--
#Iter of forward-backward selection is 1 
#Iter of CQCD is 101 
Time of computing the full gradients is 7.833 
Time of running CQCD is 11.011 
Time of finding NN is 0.734 
lambda = 0.5 idx = 2 3 5 4 6 
--
#Iter of forward-backward selection is 1 
#Iter of CQCD is 101 
Time of computing the full gradients is 7.643 
Time of running CQCD is 11.708 
Time of finding NN is 0.712 
lambda = 0.25 idx = 2 3 5 4 6 
--
#Iter of forward-backward selection is 1 
#Iter of CQCD is 90 
Time of computing the full gradients is 7.721 
Time of running CQCD is 10.177 
Time of finding NN is 0.726 
lambda = 0.125 idx = 2 3 5 4 6 
--
#Iter of forward-backward selection is 10 
#Iter of CQCD is 828 
Time of computing the full gradients is 79.46 
Time of running CQCD is 146.264 
Time of finding NN is 7.955 
lambda = 0 idx = 2 3 5 4 6 52 598 894 841 402 962 891 651 352 304 940 566 187 978 719 987 
